  Main.cpp
C:\Users\taylo\source\repos\GLSLBay\Main.cpp(144,50): warning C4244: 'argument': conversion from 'double' to 'GLfloat', possible loss of data
C:\Users\taylo\source\repos\GLSLBay\Main.cpp(144,43): warning C4244: 'argument': conversion from 'double' to 'GLfloat', possible loss of data
C:\Users\taylo\source\repos\GLSLBay\Main.cpp(144,36): warning C4244: 'argument': conversion from 'double' to 'GLfloat', possible loss of data
C:\Users\taylo\source\repos\GLSLBay\Main.cpp(144,29): warning C4244: 'argument': conversion from 'double' to 'GLfloat', possible loss of data
C:\Users\taylo\source\repos\GLSLBay\Main.cpp(146,28): warning C4244: 'argument': conversion from 'double' to 'GLfloat', possible loss of data
  imgui.cpp
  imgui_demo.cpp
  imgui_draw.cpp
  imgui_impl_glfw.cpp
  imgui_impl_opengl3.cpp
  imgui_tables.cpp
  imgui_widgets.cpp
  Generating Code...
  LINK : C:\Users\taylo\source\repos\GLSLBay\x64\Debug\GLSLBay.exe not found or not built by the last incremental link; performing full link
glfw3.lib(init.obj) : warning LNK4099: PDB 'glfw3.pdb' was not found with 'glfw3.lib(init.obj)' or at 'C:\Users\taylo\source\repos\GLSLBay\x64\Debug\glfw3.pdb'; linking object as if no debug info
glfw3.lib(monitor.obj) : warning LNK4099: PDB 'glfw3.pdb' was not found with 'glfw3.lib(monitor.obj)' or at 'C:\Users\taylo\source\repos\GLSLBay\x64\Debug\glfw3.pdb'; linking object as if no debug info
glfw3.lib(window.obj) : warning LNK4099: PDB 'glfw3.pdb' was not found with 'glfw3.lib(window.obj)' or at 'C:\Users\taylo\source\repos\GLSLBay\x64\Debug\glfw3.pdb'; linking object as if no debug info
glfw3.lib(input.obj) : warning LNK4099: PDB 'glfw3.pdb' was not found with 'glfw3.lib(input.obj)' or at 'C:\Users\taylo\source\repos\GLSLBay\x64\Debug\glfw3.pdb'; linking object as if no debug info
glfw3.lib(win32_window.obj) : warning LNK4099: PDB 'glfw3.pdb' was not found with 'glfw3.lib(win32_window.obj)' or at 'C:\Users\taylo\source\repos\GLSLBay\x64\Debug\glfw3.pdb'; linking object as if no debug info
glfw3.lib(context.obj) : warning LNK4099: PDB 'glfw3.pdb' was not found with 'glfw3.lib(context.obj)' or at 'C:\Users\taylo\source\repos\GLSLBay\x64\Debug\glfw3.pdb'; linking object as if no debug info
glfw3.lib(win32_init.obj) : warning LNK4099: PDB 'glfw3.pdb' was not found with 'glfw3.lib(win32_init.obj)' or at 'C:\Users\taylo\source\repos\GLSLBay\x64\Debug\glfw3.pdb'; linking object as if no debug info
glfw3.lib(win32_monitor.obj) : warning LNK4099: PDB 'glfw3.pdb' was not found with 'glfw3.lib(win32_monitor.obj)' or at 'C:\Users\taylo\source\repos\GLSLBay\x64\Debug\glfw3.pdb'; linking object as if no debug info
glfw3.lib(win32_time.obj) : warning LNK4099: PDB 'glfw3.pdb' was not found with 'glfw3.lib(win32_time.obj)' or at 'C:\Users\taylo\source\repos\GLSLBay\x64\Debug\glfw3.pdb'; linking object as if no debug info
glfw3.lib(win32_thread.obj) : warning LNK4099: PDB 'glfw3.pdb' was not found with 'glfw3.lib(win32_thread.obj)' or at 'C:\Users\taylo\source\repos\GLSLBay\x64\Debug\glfw3.pdb'; linking object as if no debug info
glfw3.lib(vulkan.obj) : warning LNK4099: PDB 'glfw3.pdb' was not found with 'glfw3.lib(vulkan.obj)' or at 'C:\Users\taylo\source\repos\GLSLBay\x64\Debug\glfw3.pdb'; linking object as if no debug info
glfw3.lib(win32_joystick.obj) : warning LNK4099: PDB 'glfw3.pdb' was not found with 'glfw3.lib(win32_joystick.obj)' or at 'C:\Users\taylo\source\repos\GLSLBay\x64\Debug\glfw3.pdb'; linking object as if no debug info
glfw3.lib(wgl_context.obj) : warning LNK4099: PDB 'glfw3.pdb' was not found with 'glfw3.lib(wgl_context.obj)' or at 'C:\Users\taylo\source\repos\GLSLBay\x64\Debug\glfw3.pdb'; linking object as if no debug info
glfw3.lib(egl_context.obj) : warning LNK4099: PDB 'glfw3.pdb' was not found with 'glfw3.lib(egl_context.obj)' or at 'C:\Users\taylo\source\repos\GLSLBay\x64\Debug\glfw3.pdb'; linking object as if no debug info
glfw3.lib(osmesa_context.obj) : warning LNK4099: PDB 'glfw3.pdb' was not found with 'glfw3.lib(osmesa_context.obj)' or at 'C:\Users\taylo\source\repos\GLSLBay\x64\Debug\glfw3.pdb'; linking object as if no debug info
  GLSLBay.vcxproj -> C:\Users\taylo\source\repos\GLSLBay\x64\Debug\GLSLBay.exe
